<?xml version="1.0" encoding="UTF-8"?>
<!-- Generated by org.testng.reporters.JUnitReportReporter -->
<testsuite hostname="Kristi-??" name="com.globallogic.open.nymgo.page.PageDriverTest" tests="1" failures="0" timestamp="23 Jan 2016 18:57:34 GMT" time="35.484" errors="0">
  <testcase name="pageOpen" time="35.484" classname="com.globallogic.open.nymgo.page.PageDriverTest"/>
</testsuite> <!-- com.globallogic.open.nymgo.page.PageDriverTest -->
